Sending build context to Docker daemon 87.55 kB
Step 1 : FROM docker.io/python:latest
 ---> 29d2f3226daf
Step 2 : MAINTAINER selvakumar0710@gmail.com
 ---> Running in 9deafe5f58f7
 ---> c38f5c155f11
Removing intermediate container 9deafe5f58f7
Step 3 : RUN apt-get update && apt-get -y upgrade python
 ---> Running in 1e209dbe57ad
Ign:1 http://deb.debian.org/debian stretch InRelease
Get:2 http://security.debian.org/debian-security stretch/updates InRelease [94.3 kB]
Get:3 http://deb.debian.org/debian stretch-updates InRelease [91.0 kB]
Get:4 http://deb.debian.org/debian stretch Release [118 kB]
Get:5 http://security.debian.org/debian-security stretch/updates/main amd64 Packages [440 kB]
Get:6 http://deb.debian.org/debian stretch-updates/main amd64 Packages [12.1 kB]
Get:7 http://deb.debian.org/debian stretch Release.gpg [2434 B]
Get:8 http://deb.debian.org/debian stretch/main amd64 Packages [9530 kB]
Fetched 10.3 MB in 2s (4633 kB/s)
Reading package lists...
Reading package lists...
Building dependency tree...
Reading state information...
python is already the newest version (2.7.13-2).
python set to manually installed.
Calculating upgrade...
The following packages will be upgraded:
  curl libcurl3 libcurl3-gnutls libcurl4-openssl-dev libprocps6 linux-libc-dev
  procps tzdata wget
  curl libcurl3 libcurl3-gnutls libcurl4-openssl-dev libprocps6 linux-libc-dev
  procps tzdata wget
9 upgraded, 0 newly installed, 0 to remove and 0 not upgraded.
Need to get 3885 kB of archives.
After this operation, 4096 B of additional disk space will be used.
Get:1 http://security.debian.org/debian-security stretch/updates/main amd64 libprocps6 amd64 2:3.3.12-3+deb9u1 [58.5 kB]
Get:2 http://deb.debian.org/debian stretch-updates/main amd64 tzdata all 2018e-0+deb9u1 [267 kB]
Get:3 http://security.debian.org/debian-security stretch/updates/main amd64 procps amd64 2:3.3.12-3+deb9u1 [250 kB]
Get:4 http://security.debian.org/debian-security stretch/updates/main amd64 wget amd64 1.18-5+deb9u2 [799 kB]
Get:5 http://security.debian.org/debian-security stretch/updates/main amd64 libcurl4-openssl-dev amd64 7.52.1-5+deb9u6 [374 kB]
Get:6 http://security.debian.org/debian-security stretch/updates/main amd64 curl amd64 7.52.1-5+deb9u6 [228 kB]
Get:7 http://security.debian.org/debian-security stretch/updates/main amd64 libcurl3 amd64 7.52.1-5+deb9u6 [291 kB]
Get:8 http://security.debian.org/debian-security stretch/updates/main amd64 libcurl3-gnutls amd64 7.52.1-5+deb9u6 [290 kB]
Get:9 http://security.debian.org/debian-security stretch/updates/main amd64 linux-libc-dev amd64 4.9.88-1+deb9u1 [1327 kB]
^[[91mdebconf: delaying package configuration, since apt-utils is not installed
^[[0mFetched 3885 kB in 1s (2403 kB/s)
(Reading database ... (Reading database ... 5%(Reading database ... 10%(Reading database ... 15%(Reading database ... 20%(Reading database ... 25%(Reading database ... 30%(Reading database ... 35%(Reading database ... 40%(Reading database ... 45%(Reading database ... 50%(Reading database ... 55%(Reading database ... 60%(Reading database ... 65%(Reading database ... 70%(Reading database ... 75%(Reading database ... 80%(Reading database ... 85%(Reading database ... 90%(Reading database ... 95%(Reading database ... 100%(Reading database ... 29828 files and directories currently installed.)
Preparing to unpack .../0-tzdata_2018e-0+deb9u1_all.deb ...
Unpacking tzdata (2018e-0+deb9u1) over (2018d-0+deb9u1) ...
Preparing to unpack .../1-libprocps6_2%3a3.3.12-3+deb9u1_amd64.deb ...
Unpacking libprocps6:amd64 (2:3.3.12-3+deb9u1) over (2:3.3.12-3) ...
Preparing to unpack .../2-procps_2%3a3.3.12-3+deb9u1_amd64.deb ...
Unpacking procps (2:3.3.12-3+deb9u1) over (2:3.3.12-3) ...
Preparing to unpack .../3-wget_1.18-5+deb9u2_amd64.deb ...
Unpacking wget (1.18-5+deb9u2) over (1.18-5+deb9u1) ...
Preparing to unpack .../4-libcurl4-openssl-dev_7.52.1-5+deb9u6_amd64.deb ...
Unpacking libcurl4-openssl-dev:amd64 (7.52.1-5+deb9u6) over (7.52.1-5+deb9u5) ...
Preparing to unpack .../5-curl_7.52.1-5+deb9u6_amd64.deb ...
Unpacking curl (7.52.1-5+deb9u6) over (7.52.1-5+deb9u5) ...
Preparing to unpack .../6-libcurl3_7.52.1-5+deb9u6_amd64.deb ...
Unpacking libcurl3:amd64 (7.52.1-5+deb9u6) over (7.52.1-5+deb9u5) ...
Preparing to unpack .../7-libcurl3-gnutls_7.52.1-5+deb9u6_amd64.deb ...
Unpacking libcurl3-gnutls:amd64 (7.52.1-5+deb9u6) over (7.52.1-5+deb9u5) ...
Preparing to unpack .../8-linux-libc-dev_4.9.88-1+deb9u1_amd64.deb ...
Unpacking linux-libc-dev:amd64 (4.9.88-1+deb9u1) over (4.9.88-1) ...
Setting up libcurl3:amd64 (7.52.1-5+deb9u6) ...
Setting up libcurl3-gnutls:amd64 (7.52.1-5+deb9u6) ...
Setting up tzdata (2018e-0+deb9u1) ...
Setting up libcurl3-gnutls:amd64 (7.52.1-5+deb9u6) ...
Setting up tzdata (2018e-0+deb9u1) ...
debconf: unable to initialize frontend: Dialog
debconf: (TERM is not set, so the dialog frontend is not usable.)
debconf: falling back to frontend: Readline

Current default time zone: 'Etc/UTC'
Local time is now:      Tue May 29 05:02:43 UTC 2018.
Universal Time is now:  Tue May 29 05:02:43 UTC 2018.
Run 'dpkg-reconfigure tzdata' if you wish to change it.

Setting up linux-libc-dev:amd64 (4.9.88-1+deb9u1) ...
Setting up libprocps6:amd64 (2:3.3.12-3+deb9u1) ...
Setting up procps (2:3.3.12-3+deb9u1) ...
Processing triggers for libc-bin (2.24-11+deb9u3) ...
Setting up wget (1.18-5+deb9u2) ...
Setting up libcurl4-openssl-dev:amd64 (7.52.1-5+deb9u6) ...
Setting up curl (7.52.1-5+deb9u6) ...
 ---> 54b26843e3f8
Removing intermediate container 1e209dbe57ad
Successfully built 54b26843e3f8
